{"C:\\MyProjects\\FullStackCourse\\fullstack-open-course\\part-5\\bloglist-frontend\\src\\App.jsx": {"path":"C:\\MyProjects\\FullStackCourse\\fullstack-open-course\\part-5\\bloglist-frontend\\src\\App.jsx","statementMap":{"0":{"start":{"line":12,"column":12},"end":{"line":165,"column":1}},"1":{"start":{"line":13,"column":28},"end":{"line":13,"column":40}},"2":{"start":{"line":14,"column":34},"end":{"line":14,"column":46}},"3":{"start":{"line":15,"column":34},"end":{"line":15,"column":46}},"4":{"start":{"line":16,"column":26},"end":{"line":16,"column":40}},"5":{"start":{"line":17,"column":32},"end":{"line":17,"column":44}},"6":{"start":{"line":18,"column":36},"end":{"line":18,"column":48}},"7":{"start":{"line":19,"column":26},"end":{"line":19,"column":34}},"8":{"start":{"line":21,"column":2},"end":{"line":28,"column":8}},"9":{"start":{"line":22,"column":25},"end":{"line":25,"column":5}},"10":{"start":{"line":23,"column":20},"end":{"line":23,"column":46}},"11":{"start":{"line":24,"column":6},"end":{"line":24,"column":21}},"12":{"start":{"line":27,"column":4},"end":{"line":27,"column":18}},"13":{"start":{"line":30,"column":2},"end":{"line":37,"column":8}},"14":{"start":{"line":31,"column":27},"end":{"line":31,"column":79}},"15":{"start":{"line":32,"column":4},"end":{"line":36,"column":5}},"16":{"start":{"line":33,"column":19},"end":{"line":33,"column":45}},"17":{"start":{"line":34,"column":6},"end":{"line":34,"column":19}},"18":{"start":{"line":35,"column":6},"end":{"line":35,"column":38}},"19":{"start":{"line":39,"column":22},"end":{"line":61,"column":3}},"20":{"start":{"line":40,"column":4},"end":{"line":40,"column":26}},"21":{"start":{"line":42,"column":4},"end":{"line":60,"column":5}},"22":{"start":{"line":43,"column":19},"end":{"line":45,"column":8}},"23":{"start":{"line":47,"column":6},"end":{"line":49,"column":7}},"24":{"start":{"line":50,"column":6},"end":{"line":50,"column":38}},"25":{"start":{"line":51,"column":6},"end":{"line":51,"column":19}},"26":{"start":{"line":52,"column":6},"end":{"line":52,"column":21}},"27":{"start":{"line":53,"column":6},"end":{"line":53,"column":21}},"28":{"start":{"line":56,"column":6},"end":{"line":56,"column":27}},"29":{"start":{"line":57,"column":6},"end":{"line":57,"column":43}},"30":{"start":{"line":58,"column":6},"end":{"line":58,"column":21}},"31":{"start":{"line":59,"column":6},"end":{"line":59,"column":21}},"32":{"start":{"line":63,"column":28},"end":{"line":82,"column":3}},"33":{"start":{"line":64,"column":4},"end":{"line":81,"column":5}},"34":{"start":{"line":65,"column":6},"end":{"line":65,"column":48}},"35":{"start":{"line":66,"column":6},"end":{"line":66,"column":41}},"36":{"start":{"line":67,"column":27},"end":{"line":67,"column":53}},"37":{"start":{"line":68,"column":6},"end":{"line":68,"column":28}},"38":{"start":{"line":69,"column":6},"end":{"line":69,"column":29}},"39":{"start":{"line":70,"column":6},"end":{"line":70,"column":87}},"40":{"start":{"line":72,"column":6},"end":{"line":72,"column":61}},"41":{"start":{"line":74,"column":6},"end":{"line":80,"column":7}},"42":{"start":{"line":75,"column":8},"end":{"line":75,"column":29}},"43":{"start":{"line":76,"column":8},"end":{"line":76,"column":100}},"44":{"start":{"line":78,"column":8},"end":{"line":78,"column":29}},"45":{"start":{"line":79,"column":8},"end":{"line":79,"column":82}},"46":{"start":{"line":84,"column":31},"end":{"line":106,"column":3}},"47":{"start":{"line":85,"column":25},"end":{"line":88,"column":5}},"48":{"start":{"line":89,"column":4},"end":{"line":105,"column":5}},"49":{"start":{"line":90,"column":6},"end":{"line":90,"column":57}},"50":{"start":{"line":91,"column":27},"end":{"line":91,"column":53}},"51":{"start":{"line":92,"column":6},"end":{"line":92,"column":28}},"52":{"start":{"line":93,"column":6},"end":{"line":93,"column":29}},"53":{"start":{"line":94,"column":6},"end":{"line":94,"column":58}},"54":{"start":{"line":96,"column":6},"end":{"line":96,"column":57}},"55":{"start":{"line":98,"column":6},"end":{"line":104,"column":7}},"56":{"start":{"line":99,"column":8},"end":{"line":99,"column":29}},"57":{"start":{"line":100,"column":8},"end":{"line":100,"column":100}},"58":{"start":{"line":102,"column":8},"end":{"line":102,"column":29}},"59":{"start":{"line":103,"column":8},"end":{"line":103,"column":82}},"60":{"start":{"line":108,"column":31},"end":{"line":126,"column":3}},"61":{"start":{"line":109,"column":4},"end":{"line":125,"column":5}},"62":{"start":{"line":110,"column":6},"end":{"line":110,"column":34}},"63":{"start":{"line":111,"column":27},"end":{"line":111,"column":53}},"64":{"start":{"line":112,"column":6},"end":{"line":112,"column":28}},"65":{"start":{"line":113,"column":6},"end":{"line":113,"column":29}},"66":{"start":{"line":114,"column":6},"end":{"line":114,"column":58}},"67":{"start":{"line":116,"column":6},"end":{"line":116,"column":57}},"68":{"start":{"line":118,"column":6},"end":{"line":124,"column":7}},"69":{"start":{"line":119,"column":8},"end":{"line":119,"column":29}},"70":{"start":{"line":120,"column":8},"end":{"line":120,"column":100}},"71":{"start":{"line":122,"column":8},"end":{"line":122,"column":29}},"72":{"start":{"line":123,"column":8},"end":{"line":123,"column":82}},"73":{"start":{"line":128,"column":31},"end":{"line":130,"column":3}},"74":{"start":{"line":129,"column":4},"end":{"line":129,"column":31}},"75":{"start":{"line":132,"column":31},"end":{"line":134,"column":3}},"76":{"start":{"line":133,"column":4},"end":{"line":133,"column":31}},"77":{"start":{"line":136,"column":23},"end":{"line":139,"column":3}},"78":{"start":{"line":137,"column":4},"end":{"line":137,"column":25}},"79":{"start":{"line":138,"column":4},"end":{"line":138,"column":17}},"80":{"start":{"line":141,"column":2},"end":{"line":150,"column":3}},"81":{"start":{"line":142,"column":4},"end":{"line":149,"column":5}},"82":{"start":{"line":152,"column":2},"end":{"line":164,"column":3}},"83":{"start":{"line":161,"column":8},"end":{"line":161,"column":149}}},"fnMap":{"0":{"name":"(anonymous_0)","decl":{"start":{"line":12,"column":12},"end":{"line":12,"column":13}},"loc":{"start":{"line":12,"column":18},"end":{"line":165,"column":1}},"line":12},"1":{"name":"(anonymous_1)","decl":{"start":{"line":21,"column":12},"end":{"line":21,"column":13}},"loc":{"start":{"line":21,"column":18},"end":{"line":28,"column":3}},"line":21},"2":{"name":"(anonymous_2)","decl":{"start":{"line":22,"column":25},"end":{"line":22,"column":26}},"loc":{"start":{"line":22,"column":37},"end":{"line":25,"column":5}},"line":22},"3":{"name":"(anonymous_3)","decl":{"start":{"line":30,"column":12},"end":{"line":30,"column":13}},"loc":{"start":{"line":30,"column":18},"end":{"line":37,"column":3}},"line":30},"4":{"name":"(anonymous_4)","decl":{"start":{"line":39,"column":22},"end":{"line":39,"column":23}},"loc":{"start":{"line":39,"column":39},"end":{"line":61,"column":3}},"line":39},"5":{"name":"(anonymous_5)","decl":{"start":{"line":63,"column":28},"end":{"line":63,"column":29}},"loc":{"start":{"line":63,"column":51},"end":{"line":82,"column":3}},"line":63},"6":{"name":"(anonymous_6)","decl":{"start":{"line":84,"column":31},"end":{"line":84,"column":32}},"loc":{"start":{"line":84,"column":51},"end":{"line":106,"column":3}},"line":84},"7":{"name":"(anonymous_7)","decl":{"start":{"line":108,"column":31},"end":{"line":108,"column":32}},"loc":{"start":{"line":108,"column":45},"end":{"line":126,"column":3}},"line":108},"8":{"name":"(anonymous_8)","decl":{"start":{"line":128,"column":31},"end":{"line":128,"column":32}},"loc":{"start":{"line":128,"column":38},"end":{"line":130,"column":3}},"line":128},"9":{"name":"(anonymous_9)","decl":{"start":{"line":132,"column":31},"end":{"line":132,"column":32}},"loc":{"start":{"line":132,"column":38},"end":{"line":134,"column":3}},"line":132},"10":{"name":"(anonymous_10)","decl":{"start":{"line":136,"column":23},"end":{"line":136,"column":24}},"loc":{"start":{"line":136,"column":29},"end":{"line":139,"column":3}},"line":136},"11":{"name":"(anonymous_11)","decl":{"start":{"line":160,"column":17},"end":{"line":160,"column":18}},"loc":{"start":{"line":161,"column":8},"end":{"line":161,"column":149}},"line":161}},"branchMap":{"0":{"loc":{"start":{"line":32,"column":4},"end":{"line":36,"column":5}},"type":"if","locations":[{"start":{"line":32,"column":4},"end":{"line":36,"column":5}},{"start":{},"end":{}}],"line":32},"1":{"loc":{"start":{"line":74,"column":6},"end":{"line":80,"column":7}},"type":"if","locations":[{"start":{"line":74,"column":6},"end":{"line":80,"column":7}},{"start":{"line":77,"column":13},"end":{"line":80,"column":7}}],"line":74},"2":{"loc":{"start":{"line":74,"column":10},"end":{"line":74,"column":47}},"type":"binary-expr","locations":[{"start":{"line":74,"column":10},"end":{"line":74,"column":24}},{"start":{"line":74,"column":28},"end":{"line":74,"column":47}}],"line":74},"3":{"loc":{"start":{"line":76,"column":19},"end":{"line":76,"column":99}},"type":"binary-expr","locations":[{"start":{"line":76,"column":19},"end":{"line":76,"column":44}},{"start":{"line":76,"column":48},"end":{"line":76,"column":99}}],"line":76},"4":{"loc":{"start":{"line":98,"column":6},"end":{"line":104,"column":7}},"type":"if","locations":[{"start":{"line":98,"column":6},"end":{"line":104,"column":7}},{"start":{"line":101,"column":13},"end":{"line":104,"column":7}}],"line":98},"5":{"loc":{"start":{"line":98,"column":10},"end":{"line":98,"column":47}},"type":"binary-expr","locations":[{"start":{"line":98,"column":10},"end":{"line":98,"column":24}},{"start":{"line":98,"column":28},"end":{"line":98,"column":47}}],"line":98},"6":{"loc":{"start":{"line":100,"column":19},"end":{"line":100,"column":99}},"type":"binary-expr","locations":[{"start":{"line":100,"column":19},"end":{"line":100,"column":44}},{"start":{"line":100,"column":48},"end":{"line":100,"column":99}}],"line":100},"7":{"loc":{"start":{"line":118,"column":6},"end":{"line":124,"column":7}},"type":"if","locations":[{"start":{"line":118,"column":6},"end":{"line":124,"column":7}},{"start":{"line":121,"column":13},"end":{"line":124,"column":7}}],"line":118},"8":{"loc":{"start":{"line":118,"column":10},"end":{"line":118,"column":47}},"type":"binary-expr","locations":[{"start":{"line":118,"column":10},"end":{"line":118,"column":24}},{"start":{"line":118,"column":28},"end":{"line":118,"column":47}}],"line":118},"9":{"loc":{"start":{"line":120,"column":19},"end":{"line":120,"column":99}},"type":"binary-expr","locations":[{"start":{"line":120,"column":19},"end":{"line":120,"column":44}},{"start":{"line":120,"column":48},"end":{"line":120,"column":99}}],"line":120},"10":{"loc":{"start":{"line":141,"column":2},"end":{"line":150,"column":3}},"type":"if","locations":[{"start":{"line":141,"column":2},"end":{"line":150,"column":3}},{"start":{},"end":{}}],"line":141}},"s":{"0":0,"1":0,"2":0,"3":0,"4":0,"5":0,"6":0,"7":0,"8":0,"9":0,"10":0,"11":0,"12":0,"13":0,"14":0,"15":0,"16":0,"17":0,"18":0,"19":0,"20":0,"21":0,"22":0,"23":0,"24":0,"25":0,"26":0,"27":0,"28":0,"29":0,"30":0,"31":0,"32":0,"33":0,"34":0,"35":0,"36":0,"37":0,"38":0,"39":0,"40":0,"41":0,"42":0,"43":0,"44":0,"45":0,"46":0,"47":0,"48":0,"49":0,"50":0,"51":0,"52":0,"53":0,"54":0,"55":0,"56":0,"57":0,"58":0,"59":0,"60":0,"61":0,"62":0,"63":0,"64":0,"65":0,"66":0,"67":0,"68":0,"69":0,"70":0,"71":0,"72":0,"73":0,"74":0,"75":0,"76":0,"77":0,"78":0,"79":0,"80":0,"81":0,"82":0,"83":0},"f":{"0":0,"1":0,"2":0,"3":0,"4":0,"5":0,"6":0,"7":0,"8":0,"9":0,"10":0,"11":0},"b":{"0":[0,0],"1":[0,0],"2":[0,0],"3":[0,0],"4":[0,0],"5":[0,0],"6":[0,0],"7":[0,0],"8":[0,0],"9":[0,0],"10":[0,0]}}
,"C:\\MyProjects\\FullStackCourse\\fullstack-open-course\\part-5\\bloglist-frontend\\src\\main.jsx": {"path":"C:\\MyProjects\\FullStackCourse\\fullstack-open-course\\part-5\\bloglist-frontend\\src\\main.jsx","statementMap":{"0":{"start":{"line":4,"column":0},"end":{"line":4,"column":68}}},"fnMap":{},"branchMap":{},"s":{"0":0},"f":{},"b":{}}
,"C:\\MyProjects\\FullStackCourse\\fullstack-open-course\\part-5\\bloglist-frontend\\src\\components\\Blog.jsx": {"path":"C:\\MyProjects\\FullStackCourse\\fullstack-open-course\\part-5\\bloglist-frontend\\src\\components\\Blog.jsx","statementMap":{"0":{"start":{"line":3,"column":13},"end":{"line":48,"column":4}},"1":{"start":{"line":4,"column":46},"end":{"line":4,"column":50}},"2":{"start":{"line":5,"column":46},"end":{"line":5,"column":61}},"3":{"start":{"line":6,"column":24},"end":{"line":8,"column":3}},"4":{"start":{"line":7,"column":4},"end":{"line":7,"column":38}},"5":{"start":{"line":9,"column":20},"end":{"line":15,"column":3}},"6":{"start":{"line":17,"column":24},"end":{"line":24,"column":3}},"7":{"start":{"line":18,"column":19},"end":{"line":18,"column":70}},"8":{"start":{"line":20,"column":4},"end":{"line":23,"column":5}},"9":{"start":{"line":22,"column":6},"end":{"line":22,"column":35}},"10":{"start":{"line":26,"column":2},"end":{"line":48,"column":3}},"11":{"start":{"line":37,"column":71},"end":{"line":37,"column":97}}},"fnMap":{"0":{"name":"(anonymous_0)","decl":{"start":{"line":3,"column":13},"end":{"line":3,"column":14}},"loc":{"start":{"line":3,"column":84},"end":{"line":48,"column":4}},"line":3},"1":{"name":"(anonymous_1)","decl":{"start":{"line":6,"column":24},"end":{"line":6,"column":25}},"loc":{"start":{"line":6,"column":30},"end":{"line":8,"column":3}},"line":6},"2":{"name":"(anonymous_2)","decl":{"start":{"line":17,"column":24},"end":{"line":17,"column":25}},"loc":{"start":{"line":17,"column":30},"end":{"line":24,"column":3}},"line":17},"3":{"name":"(anonymous_3)","decl":{"start":{"line":37,"column":65},"end":{"line":37,"column":66}},"loc":{"start":{"line":37,"column":71},"end":{"line":37,"column":97}},"line":37}},"branchMap":{"0":{"loc":{"start":{"line":20,"column":4},"end":{"line":23,"column":5}},"type":"if","locations":[{"start":{"line":20,"column":4},"end":{"line":23,"column":5}},{"start":{},"end":{}}],"line":20},"1":{"loc":{"start":{"line":31,"column":11},"end":{"line":31,"column":43}},"type":"cond-expr","locations":[{"start":{"line":31,"column":28},"end":{"line":31,"column":34}},{"start":{"line":31,"column":37},"end":{"line":31,"column":43}}],"line":31},"2":{"loc":{"start":{"line":34,"column":7},"end":{"line":46,"column":7}},"type":"binary-expr","locations":[{"start":{"line":34,"column":7},"end":{"line":34,"column":21}},{"start":{"line":35,"column":8},"end":{"line":45,"column":14}}],"line":34},"3":{"loc":{"start":{"line":39,"column":16},"end":{"line":39,"column":39}},"type":"binary-expr","locations":[{"start":{"line":39,"column":16},"end":{"line":39,"column":26}},{"start":{"line":39,"column":30},"end":{"line":39,"column":39}}],"line":39},"4":{"loc":{"start":{"line":40,"column":11},"end":{"line":44,"column":11}},"type":"binary-expr","locations":[{"start":{"line":40,"column":11},"end":{"line":40,"column":15}},{"start":{"line":40,"column":19},"end":{"line":40,"column":49}},{"start":{"line":41,"column":12},"end":{"line":43,"column":21}}],"line":40}},"s":{"0":1,"1":1,"2":1,"3":1,"4":0,"5":1,"6":1,"7":0,"8":0,"9":0,"10":1,"11":0},"f":{"0":1,"1":0,"2":0,"3":0},"b":{"0":[0,0],"1":[0,1],"2":[1,0],"3":[0,0],"4":[0,0,0]},"_coverageSchema":"1a1c01bbd47fc00a2c39e90264f33305004495a9","hash":"65b1b314c06deca487ce9b5d88fa3830067faf9b"}
,"C:\\MyProjects\\FullStackCourse\\fullstack-open-course\\part-5\\bloglist-frontend\\src\\components\\BlogPostForm.jsx": {"path":"C:\\MyProjects\\FullStackCourse\\fullstack-open-course\\part-5\\bloglist-frontend\\src\\components\\BlogPostForm.jsx","statementMap":{"0":{"start":{"line":4,"column":21},"end":{"line":69,"column":1}},"1":{"start":{"line":5,"column":34},"end":{"line":9,"column":4}},"2":{"start":{"line":10,"column":28},"end":{"line":12,"column":3}},"3":{"start":{"line":11,"column":4},"end":{"line":11,"column":55}},"4":{"start":{"line":14,"column":29},"end":{"line":16,"column":3}},"5":{"start":{"line":15,"column":4},"end":{"line":15,"column":56}},"6":{"start":{"line":18,"column":26},"end":{"line":20,"column":3}},"7":{"start":{"line":19,"column":4},"end":{"line":19,"column":53}},"8":{"start":{"line":21,"column":23},"end":{"line":29,"column":3}},"9":{"start":{"line":22,"column":4},"end":{"line":22,"column":22}},"10":{"start":{"line":23,"column":4},"end":{"line":23,"column":31}},"11":{"start":{"line":24,"column":4},"end":{"line":28,"column":6}},"12":{"start":{"line":31,"column":2},"end":{"line":68,"column":3}},"13":{"start":{"line":73,"column":0},"end":{"line":75,"column":1}}},"fnMap":{"0":{"name":"(anonymous_0)","decl":{"start":{"line":4,"column":21},"end":{"line":4,"column":22}},"loc":{"start":{"line":4,"column":48},"end":{"line":69,"column":1}},"line":4},"1":{"name":"(anonymous_1)","decl":{"start":{"line":10,"column":28},"end":{"line":10,"column":29}},"loc":{"start":{"line":10,"column":35},"end":{"line":12,"column":3}},"line":10},"2":{"name":"(anonymous_2)","decl":{"start":{"line":14,"column":29},"end":{"line":14,"column":30}},"loc":{"start":{"line":14,"column":36},"end":{"line":16,"column":3}},"line":14},"3":{"name":"(anonymous_3)","decl":{"start":{"line":18,"column":26},"end":{"line":18,"column":27}},"loc":{"start":{"line":18,"column":33},"end":{"line":20,"column":3}},"line":18},"4":{"name":"(anonymous_4)","decl":{"start":{"line":21,"column":23},"end":{"line":21,"column":24}},"loc":{"start":{"line":21,"column":30},"end":{"line":29,"column":3}},"line":21}},"branchMap":{},"s":{"0":1,"1":19,"2":19,"3":17,"4":19,"5":0,"6":19,"7":0,"8":19,"9":1,"10":1,"11":1,"12":19,"13":1},"f":{"0":19,"1":17,"2":0,"3":0,"4":1},"b":{},"_coverageSchema":"1a1c01bbd47fc00a2c39e90264f33305004495a9","hash":"8e73255ecf2ad6c9de61bf60cd203ecf0ca69c86"}
,"C:\\MyProjects\\FullStackCourse\\fullstack-open-course\\part-5\\bloglist-frontend\\src\\components\\LoginForm.jsx": {"path":"C:\\MyProjects\\FullStackCourse\\fullstack-open-course\\part-5\\bloglist-frontend\\src\\components\\LoginForm.jsx","statementMap":{"0":{"start":{"line":4,"column":18},"end":{"line":34,"column":1}},"1":{"start":{"line":7,"column":2},"end":{"line":33,"column":3}},"2":{"start":{"line":38,"column":0},"end":{"line":44,"column":1}}},"fnMap":{"0":{"name":"(anonymous_0)","decl":{"start":{"line":4,"column":18},"end":{"line":4,"column":19}},"loc":{"start":{"line":4,"column":103},"end":{"line":34,"column":1}},"line":4}},"branchMap":{},"s":{"0":0,"1":0,"2":0},"f":{"0":0},"b":{}}
,"C:\\MyProjects\\FullStackCourse\\fullstack-open-course\\part-5\\bloglist-frontend\\src\\components\\Notification.jsx": {"path":"C:\\MyProjects\\FullStackCourse\\fullstack-open-course\\part-5\\bloglist-frontend\\src\\components\\Notification.jsx","statementMap":{"0":{"start":{"line":3,"column":21},"end":{"line":22,"column":1}},"1":{"start":{"line":5,"column":2},"end":{"line":13,"column":28}},"2":{"start":{"line":6,"column":4},"end":{"line":12,"column":5}},"3":{"start":{"line":7,"column":20},"end":{"line":9,"column":14}},"4":{"start":{"line":8,"column":8},"end":{"line":8,"column":25}},"5":{"start":{"line":11,"column":6},"end":{"line":11,"column":39}},"6":{"start":{"line":11,"column":19},"end":{"line":11,"column":38}},"7":{"start":{"line":15,"column":2},"end":{"line":17,"column":3}},"8":{"start":{"line":16,"column":4},"end":{"line":16,"column":16}},"9":{"start":{"line":19,"column":2},"end":{"line":21,"column":3}}},"fnMap":{"0":{"name":"(anonymous_0)","decl":{"start":{"line":3,"column":21},"end":{"line":3,"column":22}},"loc":{"start":{"line":3,"column":73},"end":{"line":22,"column":1}},"line":3},"1":{"name":"(anonymous_1)","decl":{"start":{"line":5,"column":12},"end":{"line":5,"column":13}},"loc":{"start":{"line":5,"column":18},"end":{"line":13,"column":3}},"line":5},"2":{"name":"(anonymous_2)","decl":{"start":{"line":7,"column":31},"end":{"line":7,"column":32}},"loc":{"start":{"line":7,"column":37},"end":{"line":9,"column":7}},"line":7},"3":{"name":"(anonymous_3)","decl":{"start":{"line":11,"column":13},"end":{"line":11,"column":14}},"loc":{"start":{"line":11,"column":19},"end":{"line":11,"column":38}},"line":11}},"branchMap":{"0":{"loc":{"start":{"line":6,"column":4},"end":{"line":12,"column":5}},"type":"if","locations":[{"start":{"line":6,"column":4},"end":{"line":12,"column":5}},{"start":{},"end":{}}],"line":6},"1":{"loc":{"start":{"line":15,"column":2},"end":{"line":17,"column":3}},"type":"if","locations":[{"start":{"line":15,"column":2},"end":{"line":17,"column":3}},{"start":{},"end":{}}],"line":15}},"s":{"0":0,"1":0,"2":0,"3":0,"4":0,"5":0,"6":0,"7":0,"8":0,"9":0},"f":{"0":0,"1":0,"2":0,"3":0},"b":{"0":[0,0],"1":[0,0]}}
,"C:\\MyProjects\\FullStackCourse\\fullstack-open-course\\part-5\\bloglist-frontend\\src\\components\\Togglable.jsx": {"path":"C:\\MyProjects\\FullStackCourse\\fullstack-open-course\\part-5\\bloglist-frontend\\src\\components\\Togglable.jsx","statementMap":{"0":{"start":{"line":4,"column":18},"end":{"line":31,"column":2}},"1":{"start":{"line":5,"column":32},"end":{"line":5,"column":47}},"2":{"start":{"line":7,"column":26},"end":{"line":7,"column":60}},"3":{"start":{"line":8,"column":26},"end":{"line":8,"column":60}},"4":{"start":{"line":10,"column":27},"end":{"line":12,"column":3}},"5":{"start":{"line":11,"column":4},"end":{"line":11,"column":24}},"6":{"start":{"line":14,"column":2},"end":{"line":18,"column":4}},"7":{"start":{"line":15,"column":4},"end":{"line":17,"column":5}},"8":{"start":{"line":20,"column":2},"end":{"line":30,"column":3}},"9":{"start":{"line":33,"column":0},"end":{"line":33,"column":35}},"10":{"start":{"line":37,"column":0},"end":{"line":39,"column":1}}},"fnMap":{"0":{"name":"(anonymous_0)","decl":{"start":{"line":4,"column":29},"end":{"line":4,"column":30}},"loc":{"start":{"line":4,"column":46},"end":{"line":31,"column":1}},"line":4},"1":{"name":"(anonymous_1)","decl":{"start":{"line":10,"column":27},"end":{"line":10,"column":28}},"loc":{"start":{"line":10,"column":33},"end":{"line":12,"column":3}},"line":10},"2":{"name":"(anonymous_2)","decl":{"start":{"line":14,"column":28},"end":{"line":14,"column":29}},"loc":{"start":{"line":14,"column":34},"end":{"line":18,"column":3}},"line":14}},"branchMap":{"0":{"loc":{"start":{"line":7,"column":37},"end":{"line":7,"column":58}},"type":"cond-expr","locations":[{"start":{"line":7,"column":47},"end":{"line":7,"column":53}},{"start":{"line":7,"column":56},"end":{"line":7,"column":58}}],"line":7},"1":{"loc":{"start":{"line":8,"column":37},"end":{"line":8,"column":58}},"type":"cond-expr","locations":[{"start":{"line":8,"column":47},"end":{"line":8,"column":49}},{"start":{"line":8,"column":52},"end":{"line":8,"column":58}}],"line":8}},"s":{"0":1,"1":7,"2":7,"3":7,"4":7,"5":3,"6":7,"7":0,"8":7,"9":1,"10":1},"f":{"0":7,"1":3,"2":0},"b":{"0":[2,5],"1":[2,5]},"_coverageSchema":"1a1c01bbd47fc00a2c39e90264f33305004495a9","hash":"39824666716f5ca89be825e4896fdabe7a04199b"}
,"C:\\MyProjects\\FullStackCourse\\fullstack-open-course\\part-5\\bloglist-frontend\\src\\services\\blogs.js": {"path":"C:\\MyProjects\\FullStackCourse\\fullstack-open-course\\part-5\\bloglist-frontend\\src\\services\\blogs.js","statementMap":{"0":{"start":{"line":2,"column":16},"end":{"line":2,"column":32}},"1":{"start":{"line":4,"column":12},"end":{"line":4,"column":16}},"2":{"start":{"line":6,"column":17},"end":{"line":8,"column":1}},"3":{"start":{"line":7,"column":2},"end":{"line":7,"column":30}},"4":{"start":{"line":10,"column":15},"end":{"line":21,"column":1}},"5":{"start":{"line":11,"column":19},"end":{"line":11,"column":43}},"6":{"start":{"line":13,"column":17},"end":{"line":13,"column":30}},"7":{"start":{"line":14,"column":2},"end":{"line":20,"column":3}},"8":{"start":{"line":15,"column":24},"end":{"line":18,"column":6}},"9":{"start":{"line":16,"column":6},"end":{"line":16,"column":38}},"10":{"start":{"line":16,"column":29},"end":{"line":16,"column":38}},"11":{"start":{"line":17,"column":6},"end":{"line":17,"column":14}},"12":{"start":{"line":19,"column":4},"end":{"line":19,"column":22}},"13":{"start":{"line":23,"column":13},"end":{"line":30,"column":1}},"14":{"start":{"line":24,"column":17},"end":{"line":26,"column":3}},"15":{"start":{"line":28,"column":19},"end":{"line":28,"column":63}},"16":{"start":{"line":29,"column":2},"end":{"line":29,"column":22}},"17":{"start":{"line":32,"column":15},"end":{"line":38,"column":1}},"18":{"start":{"line":33,"column":17},"end":{"line":35,"column":3}},"19":{"start":{"line":36,"column":19},"end":{"line":36,"column":75}},"20":{"start":{"line":37,"column":2},"end":{"line":37,"column":22}},"21":{"start":{"line":40,"column":15},"end":{"line":46,"column":1}},"22":{"start":{"line":41,"column":17},"end":{"line":43,"column":3}},"23":{"start":{"line":44,"column":2},"end":{"line":44,"column":48}}},"fnMap":{"0":{"name":"(anonymous_0)","decl":{"start":{"line":6,"column":17},"end":{"line":6,"column":18}},"loc":{"start":{"line":6,"column":29},"end":{"line":8,"column":1}},"line":6},"1":{"name":"(anonymous_1)","decl":{"start":{"line":10,"column":15},"end":{"line":10,"column":16}},"loc":{"start":{"line":10,"column":27},"end":{"line":21,"column":1}},"line":10},"2":{"name":"(anonymous_2)","decl":{"start":{"line":15,"column":35},"end":{"line":15,"column":36}},"loc":{"start":{"line":15,"column":45},"end":{"line":18,"column":5}},"line":15},"3":{"name":"(anonymous_3)","decl":{"start":{"line":23,"column":13},"end":{"line":23,"column":14}},"loc":{"start":{"line":23,"column":32},"end":{"line":30,"column":1}},"line":23},"4":{"name":"(anonymous_4)","decl":{"start":{"line":32,"column":15},"end":{"line":32,"column":16}},"loc":{"start":{"line":32,"column":40},"end":{"line":38,"column":1}},"line":32},"5":{"name":"(anonymous_5)","decl":{"start":{"line":40,"column":15},"end":{"line":40,"column":16}},"loc":{"start":{"line":40,"column":29},"end":{"line":46,"column":1}},"line":40}},"branchMap":{"0":{"loc":{"start":{"line":14,"column":2},"end":{"line":20,"column":3}},"type":"if","locations":[{"start":{"line":14,"column":2},"end":{"line":20,"column":3}},{"start":{},"end":{}}],"line":14},"1":{"loc":{"start":{"line":14,"column":6},"end":{"line":14,"column":31}},"type":"binary-expr","locations":[{"start":{"line":14,"column":6},"end":{"line":14,"column":11}},{"start":{"line":14,"column":15},"end":{"line":14,"column":31}}],"line":14},"2":{"loc":{"start":{"line":16,"column":6},"end":{"line":16,"column":38}},"type":"if","locations":[{"start":{"line":16,"column":6},"end":{"line":16,"column":38}},{"start":{},"end":{}}],"line":16}},"s":{"0":0,"1":0,"2":0,"3":0,"4":0,"5":0,"6":0,"7":0,"8":0,"9":0,"10":0,"11":0,"12":0,"13":0,"14":0,"15":0,"16":0,"17":0,"18":0,"19":0,"20":0,"21":0,"22":0,"23":0},"f":{"0":0,"1":0,"2":0,"3":0,"4":0,"5":0},"b":{"0":[0,0],"1":[0,0],"2":[0,0]}}
,"C:\\MyProjects\\FullStackCourse\\fullstack-open-course\\part-5\\bloglist-frontend\\src\\services\\login.js": {"path":"C:\\MyProjects\\FullStackCourse\\fullstack-open-course\\part-5\\bloglist-frontend\\src\\services\\login.js","statementMap":{"0":{"start":{"line":2,"column":16},"end":{"line":2,"column":28}},"1":{"start":{"line":4,"column":14},"end":{"line":7,"column":1}},"2":{"start":{"line":5,"column":19},"end":{"line":5,"column":57}},"3":{"start":{"line":6,"column":2},"end":{"line":6,"column":22}},"4":{"start":{"line":9,"column":15},"end":{"line":11,"column":1}},"5":{"start":{"line":10,"column":2},"end":{"line":10,"column":29}}},"fnMap":{"0":{"name":"(anonymous_0)","decl":{"start":{"line":4,"column":14},"end":{"line":4,"column":15}},"loc":{"start":{"line":4,"column":35},"end":{"line":7,"column":1}},"line":4},"1":{"name":"(anonymous_1)","decl":{"start":{"line":9,"column":15},"end":{"line":9,"column":16}},"loc":{"start":{"line":9,"column":21},"end":{"line":11,"column":1}},"line":9}},"branchMap":{},"s":{"0":0,"1":0,"2":0,"3":0,"4":0,"5":0},"f":{"0":0,"1":0},"b":{}}
}
